[2025-01-16T19:13:38.939+0000] {taskinstance.py:1159} INFO - Dependencies all met for dep_context=non-requeueable deps ti=<TaskInstance: finflow_source_data_pipeline.dbt_transformations.dbt_run manual__2025-01-16T19:09:48.227737+00:00 [queued]>
[2025-01-16T19:13:39.034+0000] {taskinstance.py:1159} INFO - Dependencies all met for dep_context=requeueable deps ti=<TaskInstance: finflow_source_data_pipeline.dbt_transformations.dbt_run manual__2025-01-16T19:09:48.227737+00:00 [queued]>
[2025-01-16T19:13:39.035+0000] {taskinstance.py:1361} INFO - Starting attempt 1 of 1
[2025-01-16T19:13:39.092+0000] {taskinstance.py:1382} INFO - Executing <Task(DbtBaseOperator): dbt_transformations.dbt_run> on 2025-01-16 19:09:48.227737+00:00
[2025-01-16T19:13:39.134+0000] {standard_task_runner.py:57} INFO - Started process 409 to run task
[2025-01-16T19:13:39.166+0000] {standard_task_runner.py:84} INFO - Running: ['***', 'tasks', 'run', 'finflow_source_data_pipeline', 'dbt_transformations.dbt_run', 'manual__2025-01-16T19:09:48.227737+00:00', '--job-id', '2719', '--raw', '--subdir', 'DAGS_FOLDER/finflow.py', '--cfg-path', '/tmp/tmpii5kwtfx']
[2025-01-16T19:13:39.183+0000] {standard_task_runner.py:85} INFO - Job 2719: Subtask dbt_transformations.dbt_run
[2025-01-16T19:13:39.388+0000] {task_command.py:416} INFO - Running <TaskInstance: finflow_source_data_pipeline.dbt_transformations.dbt_run manual__2025-01-16T19:09:48.227737+00:00 [running]> on host c35fc3f5a87d
[2025-01-16T19:13:39.620+0000] {taskinstance.py:1662} INFO - Exporting env vars: AIRFLOW_CTX_DAG_OWNER='***' AIRFLOW_CTX_DAG_ID='finflow_source_data_pipeline' AIRFLOW_CTX_TASK_ID='dbt_transformations.dbt_run' AIRFLOW_CTX_EXECUTION_DATE='2025-01-16T19:09:48.227737+00:00' AIRFLOW_CTX_TRY_NUMBER='1' AIRFLOW_CTX_DAG_RUN_ID='manual__2025-01-16T19:09:48.227737+00:00'
[2025-01-16T19:13:49.920+0000] {finflow.py:652} INFO - [0m19:13:46  Running with dbt=1.8.7
[0m19:13:48  [[33mWARNING[0m]: Deprecated functionality
The `tests` config has been renamed to `data_tests`. Please see
https://docs.getdbt.com/docs/build/data-tests#new-data_tests-syntax for more
information.
[0m19:13:49  Registered adapter: bigquery=1.8.3
[0m19:13:49  Encountered an error:
Compilation Error
  dbt found 3 package(s) specified in packages.yml, but only 0 package(s) installed in dbt_packages. Run "dbt deps" to install package dependencies.

[2025-01-16T19:13:49.921+0000] {taskinstance.py:1937} ERROR - Task failed with exception
Traceback (most recent call last):
  File "/opt/airflow/dags/finflow.py", line 655, in execute
    raise Exception(f"dbt command failed: {result.stderr}")
Exception: dbt command failed: 
[2025-01-16T19:13:49.936+0000] {taskinstance.py:1400} INFO - Marking task as FAILED. dag_id=finflow_source_data_pipeline, task_id=dbt_transformations.dbt_run, execution_date=20250116T190948, start_date=20250116T191338, end_date=20250116T191349
[2025-01-16T19:13:49.955+0000] {standard_task_runner.py:104} ERROR - Failed to execute job 2719 for task dbt_transformations.dbt_run (dbt command failed: ; 409)
[2025-01-16T19:13:49.987+0000] {local_task_job_runner.py:228} INFO - Task exited with return code 1
[2025-01-16T19:13:50.024+0000] {taskinstance.py:2778} INFO - 0 downstream tasks scheduled from follow-on schedule check
