[2025-01-16T19:00:11.926+0000] {taskinstance.py:1159} INFO - Dependencies all met for dep_context=non-requeueable deps ti=<TaskInstance: finflow_source_data_pipeline.dbt_transformations.dbt_run manual__2025-01-16T18:56:06.587155+00:00 [queued]>
[2025-01-16T19:00:11.949+0000] {taskinstance.py:1159} INFO - Dependencies all met for dep_context=requeueable deps ti=<TaskInstance: finflow_source_data_pipeline.dbt_transformations.dbt_run manual__2025-01-16T18:56:06.587155+00:00 [queued]>
[2025-01-16T19:00:11.950+0000] {taskinstance.py:1361} INFO - Starting attempt 1 of 1
[2025-01-16T19:00:11.967+0000] {taskinstance.py:1382} INFO - Executing <Task(DbtBaseOperator): dbt_transformations.dbt_run> on 2025-01-16 18:56:06.587155+00:00
[2025-01-16T19:00:11.978+0000] {standard_task_runner.py:57} INFO - Started process 1167 to run task
[2025-01-16T19:00:11.985+0000] {standard_task_runner.py:84} INFO - Running: ['***', 'tasks', 'run', 'finflow_source_data_pipeline', 'dbt_transformations.dbt_run', 'manual__2025-01-16T18:56:06.587155+00:00', '--job-id', '2669', '--raw', '--subdir', 'DAGS_FOLDER/finflow.py', '--cfg-path', '/tmp/tmpus4ezz3u']
[2025-01-16T19:00:11.990+0000] {standard_task_runner.py:85} INFO - Job 2669: Subtask dbt_transformations.dbt_run
[2025-01-16T19:00:12.061+0000] {task_command.py:416} INFO - Running <TaskInstance: finflow_source_data_pipeline.dbt_transformations.dbt_run manual__2025-01-16T18:56:06.587155+00:00 [running]> on host 1fa24e54c558
[2025-01-16T19:00:12.167+0000] {taskinstance.py:1662} INFO - Exporting env vars: AIRFLOW_CTX_DAG_OWNER='***' AIRFLOW_CTX_DAG_ID='finflow_source_data_pipeline' AIRFLOW_CTX_TASK_ID='dbt_transformations.dbt_run' AIRFLOW_CTX_EXECUTION_DATE='2025-01-16T18:56:06.587155+00:00' AIRFLOW_CTX_TRY_NUMBER='1' AIRFLOW_CTX_DAG_RUN_ID='manual__2025-01-16T18:56:06.587155+00:00'
[2025-01-16T19:00:18.880+0000] {finflow.py:652} INFO - [0m19:00:15  Running with dbt=1.8.7
[0m19:00:17  [[33mWARNING[0m]: Deprecated functionality
The `tests` config has been renamed to `data_tests`. Please see
https://docs.getdbt.com/docs/build/data-tests#new-data_tests-syntax for more
information.
[0m19:00:17  Registered adapter: bigquery=1.8.3
[0m19:00:17  Encountered an error:
Compilation Error
  dbt found 3 package(s) specified in packages.yml, but only 0 package(s) installed in dbt_packages. Run "dbt deps" to install package dependencies.

[2025-01-16T19:00:18.884+0000] {taskinstance.py:1937} ERROR - Task failed with exception
Traceback (most recent call last):
  File "/opt/airflow/dags/finflow.py", line 655, in execute
    raise Exception(f"dbt command failed: {result.stderr}")
Exception: dbt command failed: 
[2025-01-16T19:00:18.913+0000] {taskinstance.py:1400} INFO - Marking task as FAILED. dag_id=finflow_source_data_pipeline, task_id=dbt_transformations.dbt_run, execution_date=20250116T185606, start_date=20250116T190011, end_date=20250116T190018
[2025-01-16T19:00:18.956+0000] {standard_task_runner.py:104} ERROR - Failed to execute job 2669 for task dbt_transformations.dbt_run (dbt command failed: ; 1167)
[2025-01-16T19:00:18.996+0000] {local_task_job_runner.py:228} INFO - Task exited with return code 1
[2025-01-16T19:00:19.054+0000] {taskinstance.py:2778} INFO - 0 downstream tasks scheduled from follow-on schedule check
