[2025-01-16T20:44:11.723+0000] {taskinstance.py:1159} INFO - Dependencies all met for dep_context=non-requeueable deps ti=<TaskInstance: finflow_source_data_pipeline.dbt_transformations.dbt_run manual__2025-01-16T20:40:28.440935+00:00 [queued]>
[2025-01-16T20:44:11.751+0000] {taskinstance.py:1159} INFO - Dependencies all met for dep_context=requeueable deps ti=<TaskInstance: finflow_source_data_pipeline.dbt_transformations.dbt_run manual__2025-01-16T20:40:28.440935+00:00 [queued]>
[2025-01-16T20:44:11.752+0000] {taskinstance.py:1361} INFO - Starting attempt 1 of 1
[2025-01-16T20:44:11.800+0000] {taskinstance.py:1382} INFO - Executing <Task(DbtBaseOperator): dbt_transformations.dbt_run> on 2025-01-16 20:40:28.440935+00:00
[2025-01-16T20:44:11.829+0000] {standard_task_runner.py:57} INFO - Started process 4486 to run task
[2025-01-16T20:44:11.844+0000] {standard_task_runner.py:84} INFO - Running: ['***', 'tasks', 'run', 'finflow_source_data_pipeline', 'dbt_transformations.dbt_run', 'manual__2025-01-16T20:40:28.440935+00:00', '--job-id', '3081', '--raw', '--subdir', 'DAGS_FOLDER/finflow.py', '--cfg-path', '/tmp/tmpgjgy7jy4']
[2025-01-16T20:44:11.852+0000] {standard_task_runner.py:85} INFO - Job 3081: Subtask dbt_transformations.dbt_run
[2025-01-16T20:44:11.967+0000] {task_command.py:416} INFO - Running <TaskInstance: finflow_source_data_pipeline.dbt_transformations.dbt_run manual__2025-01-16T20:40:28.440935+00:00 [running]> on host c35fc3f5a87d
[2025-01-16T20:44:12.216+0000] {taskinstance.py:1662} INFO - Exporting env vars: AIRFLOW_CTX_DAG_OWNER='***' AIRFLOW_CTX_DAG_ID='finflow_source_data_pipeline' AIRFLOW_CTX_TASK_ID='dbt_transformations.dbt_run' AIRFLOW_CTX_EXECUTION_DATE='2025-01-16T20:40:28.440935+00:00' AIRFLOW_CTX_TRY_NUMBER='1' AIRFLOW_CTX_DAG_RUN_ID='manual__2025-01-16T20:40:28.440935+00:00'
[2025-01-16T20:44:51.547+0000] {finflow.py:617} INFO - [0m20:44:19  Running with dbt=1.8.7
[0m20:44:21  [[33mWARNING[0m]: Deprecated functionality
The `tests` config has been renamed to `data_tests`. Please see
https://docs.getdbt.com/docs/build/data-tests#new-data_tests-syntax for more
information.
[0m20:44:22  Registered adapter: bigquery=1.8.3
[0m20:44:22  Unable to do partial parsing because saved manifest not found. Starting full parse.
[0m20:44:34  [[33mWARNING[0m]: Configuration paths exist in your dbt_project.yml file which do not apply to any resources.
There are 6 unused configuration paths:
- data_tests.finflow_analytics.generic.transaction_limits
- data_tests.finflow_analytics.generic.metric_variance
- data_tests.finflow_analytics.singular.test_balance_reconciliation_full
- data_tests.finflow_analytics.singular.test_referential_integrity_full
- data_tests.finflow_analytics.singular.test_customer_metric_consistency
- data_tests.finflow_analytics.generic.consistent_balances
[0m20:44:35  Found 19 models, 1 snapshot, 3 analyses, 103 data tests, 6 sources, 868 macros
[0m20:44:35  
[0m20:44:36  Concurrency: 4 threads (target='prod')
[0m20:44:36  
[0m20:44:36  1 of 19 START sql incremental model finflow_data_bronze.src_accounts ........... [RUN]
[0m20:44:36  2 of 19 START sql incremental model finflow_data_bronze.src_customers .......... [RUN]
[0m20:44:36  3 of 19 START sql incremental model finflow_data_bronze.src_dates .............. [RUN]
[0m20:44:36  4 of 19 START sql incremental model finflow_data_bronze.src_locations .......... [RUN]
[0m20:44:40  2 of 19 OK created sql incremental model finflow_data_bronze.src_customers ..... [[32mCREATE TABLE (100.0 rows, 21.4 KiB processed)[0m in 3.89s]
[0m20:44:40  5 of 19 START sql incremental model finflow_data_bronze.src_products ........... [RUN]
[0m20:44:40  3 of 19 OK created sql incremental model finflow_data_bronze.src_dates ......... [[32mCREATE TABLE (365.0 rows, 32.5 KiB processed)[0m in 3.91s]
[0m20:44:40  1 of 19 OK created sql incremental model finflow_data_bronze.src_accounts ...... [[32mCREATE TABLE (197.0 rows, 22.0 KiB processed)[0m in 3.93s]
[0m20:44:40  6 of 19 START sql incremental model finflow_data_bronze.src_transactions ....... [RUN]
[0m20:44:40  7 of 19 START sql table model finflow_data_gold.dim_date ....................... [RUN]
[0m20:44:42  BigQuery adapter: https://console.cloud.google.com/bigquery?project=finflow-analytics-production&j=bq:us-central1:b34f9481-688f-479e-9d8e-bbc431955fb1&page=queryresults
[0m20:44:42  4 of 19 ERROR creating sql incremental model finflow_data_bronze.src_locations . [[31mERROR[0m in 6.30s]
[0m20:44:42  6 of 19 OK created sql incremental model finflow_data_bronze.src_transactions .. [[32mCREATE TABLE (553.0 rows, 58.4 KiB processed)[0m in 2.36s]
[0m20:44:43  8 of 19 SKIP relation finflow_data_gold.dim_location ........................... [[33mSKIP[0m]
[0m20:44:43  9 of 19 START sql view model finflow_data_silver.int_account_metrics ........... [RUN]
[0m20:44:43  10 of 19 START sql view model finflow_data_silver.int_account_risk_metrics ..... [RUN]
[0m20:44:43  5 of 19 OK created sql incremental model finflow_data_bronze.src_products ...... [[32mCREATE TABLE (19.0 rows, 1.8 KiB processed)[0m in 2.54s]
[0m20:44:43  11 of 19 START sql view model finflow_data_silver.int_customer_metrics ......... [RUN]
[0m20:44:43  7 of 19 OK created sql table model finflow_data_gold.dim_date .................. [[32mCREATE TABLE (365.0 rows, 32.5 KiB processed)[0m in 2.90s]
[0m20:44:43  12 of 19 START sql view model finflow_data_silver.int_transaction_metrics ...... [RUN]
[0m20:44:44  10 of 19 OK created sql view model finflow_data_silver.int_account_risk_metrics  [[32mCREATE VIEW (0 processed)[0m in 1.27s]
[0m20:44:44  13 of 19 START sql table model finflow_data_gold.dim_account ................... [RUN]
[0m20:44:44  9 of 19 OK created sql view model finflow_data_silver.int_account_metrics ...... [[32mCREATE VIEW (0 processed)[0m in 1.33s]
[0m20:44:44  11 of 19 OK created sql view model finflow_data_silver.int_customer_metrics .... [[32mCREATE VIEW (0 processed)[0m in 1.18s]
[0m20:44:44  14 of 19 START sql table model finflow_data_gold.dim_product ................... [RUN]
[0m20:44:44  15 of 19 START sql view model finflow_data_silver.int_customer_product_metrics . [RUN]
[0m20:44:44  12 of 19 OK created sql view model finflow_data_silver.int_transaction_metrics . [[32mCREATE VIEW (0 processed)[0m in 0.89s]
[0m20:44:44  16 of 19 START sql table model finflow_data_gold.fact_account_balances ......... [RUN]
[0m20:44:45  15 of 19 OK created sql view model finflow_data_silver.int_customer_product_metrics  [[32mCREATE VIEW (0 processed)[0m in 1.04s]
[0m20:44:45  17 of 19 START sql incremental model finflow_data_gold.dim_customer ............ [RUN]
[0m20:44:47  13 of 19 OK created sql table model finflow_data_gold.dim_account .............. [[32mCREATE TABLE (197.0 rows, 21.6 KiB processed)[0m in 2.79s]
[0m20:44:47  18 of 19 START sql table model finflow_data_gold.fact_customer_metrics ......... [RUN]
[0m20:44:47  14 of 19 OK created sql table model finflow_data_gold.dim_product .............. [[32mCREATE TABLE (19.0 rows, 1.8 KiB processed)[0m in 2.86s]
[0m20:44:48  16 of 19 OK created sql table model finflow_data_gold.fact_account_balances .... [[32mCREATE TABLE (3.2k rows, 48.3 KiB processed)[0m in 3.57s]
[0m20:44:48  17 of 19 OK created sql incremental model finflow_data_gold.dim_customer ....... [[32mCREATE TABLE (100.0 rows, 28.2 KiB processed)[0m in 3.17s]
[0m20:44:48  19 of 19 SKIP relation finflow_data_gold.fact_transactions ..................... [[33mSKIP[0m]
[0m20:44:50  18 of 19 OK created sql table model finflow_data_gold.fact_customer_metrics .... [[32mCREATE TABLE (444.0 rows, 45.8 KiB processed)[0m in 3.09s]
[0m20:44:50  
[0m20:44:50  Finished running 8 incremental models, 6 table models, 5 view models in 0 hours 0 minutes and 14.92 seconds (14.92s).
[0m20:44:50  
[0m20:44:50  [31mCompleted with 1 error and 0 warnings:[0m
[0m20:44:50  
[0m20:44:50    Database Error in model src_locations (models/bronze/src_locations.sql)
  Unrecognized name: country at [23:5]
  compiled code at target/run/finflow_analytics/models/bronze/src_locations.sql
[0m20:44:50  
[0m20:44:50  Done. PASS=16 WARN=0 ERROR=1 SKIP=2 TOTAL=19

[2025-01-16T20:44:51.549+0000] {taskinstance.py:1937} ERROR - Task failed with exception
Traceback (most recent call last):
  File "/opt/airflow/dags/finflow.py", line 620, in execute
    raise Exception(f"dbt command failed: {result.stderr}")
Exception: dbt command failed: 
[2025-01-16T20:44:51.569+0000] {taskinstance.py:1400} INFO - Marking task as FAILED. dag_id=finflow_source_data_pipeline, task_id=dbt_transformations.dbt_run, execution_date=20250116T204028, start_date=20250116T204411, end_date=20250116T204451
[2025-01-16T20:44:51.596+0000] {standard_task_runner.py:104} ERROR - Failed to execute job 3081 for task dbt_transformations.dbt_run (dbt command failed: ; 4486)
[2025-01-16T20:44:51.626+0000] {local_task_job_runner.py:228} INFO - Task exited with return code 1
[2025-01-16T20:44:51.668+0000] {taskinstance.py:2778} INFO - 0 downstream tasks scheduled from follow-on schedule check
